<?xml version="1.0" encoding="UTF-8"?>
<testng-results skipped="0" failed="0" ignored="0" total="1" passed="1">
  <reporter-output>
  </reporter-output>
  <suite name="Command line suite" duration-ms="53" started-at="2022-01-06T15:58:45 IST" finished-at="2022-01-06T15:58:45 IST">
    <groups>
    </groups>
    <test name="Command line test" duration-ms="53" started-at="2022-01-06T15:58:45 IST" finished-at="2022-01-06T15:58:45 IST">
      <class name="OcuityAIPortal.AppTest">
        <test-method status="PASS" signature="testApp()[pri:0, instance:testApp(OcuityAIPortal.AppTest)]" name="testApp" duration-ms="4" started-at="2022-01-06T15:58:45 IST" finished-at="2022-01-06T15:58:45 IST">
          <reporter-output>
          </reporter-output>
        </test-method> <!-- testApp -->
      </class> <!-- OcuityAIPortal.AppTest -->
    </test> <!-- Command line test -->
  </suite> <!-- Command line suite -->
</testng-results>
