<?xml version="1.0" encoding="UTF-8"?>
<!-- Generated by org.testng.reporters.JUnitXMLReporter -->
<testsuite hostname="DML-05879" ignored="0" name="Service advisor Test" tests="3" failures="0" timestamp="2022-01-09T13:08:49 IST" time="35.224" errors="0">
  <testcase name="addServiceAdvisorTest" time="16.753" classname="OcuityAIPortal.ServiceadvisorTest"/>
  <testcase name="editServiceAdvisorTest" time="4.284" classname="OcuityAIPortal.ServiceadvisorTest"/>
  <testcase name="deleteServiceAdvisor" time="3.487" classname="OcuityAIPortal.ServiceadvisorTest"/>
</testsuite> <!-- Service advisor Test -->
