<?xml version="1.0" encoding="UTF-8"?>
<!-- Generated by org.testng.reporters.JUnitXMLReporter -->
<testsuite hostname="DML-05879" ignored="2" name="Test" tests="9" failures="5" timestamp="2022-01-08T18:34:03 IST" time="45.496" errors="0">
  <testcase name="loginTest" time="5.468" classname="OcuityAIPortal.HomepageTest"/>
  <testcase name="addServiceAdvisorTest" time="18.816" classname="OcuityAIPortal.ServiceadvisorTest"/>
  <testcase name="editServiceAdvisorTest" time="5.274" classname="OcuityAIPortal.ServiceadvisorTest"/>
  <testcase name="deleteServiceAdvisor" time="4.122" classname="OcuityAIPortal.ServiceadvisorTest"/>
  <testcase name="loginTest" time="0.003" classname="OcuityAIPortal.HomepageTest">
    <failure type="java.lang.NullPointerException">
      <![CDATA[java.lang.NullPointerException
at objectRepository.Pagelogin.Email(Pagelogin.java:25)
at OcuityAIPortal.HomepageTest.loginTest(HomepageTest.java:35)
at java.util.ArrayList.forEach(Unknown Source)
... Removed 27 stack frames]]>
    </failure>
  </testcase> <!-- loginTest -->
  <testcase name="loginTest" time="0.004" classname="OcuityAIPortal.HomepageTest">
    <failure type="java.lang.NullPointerException">
      <![CDATA[java.lang.NullPointerException
at objectRepository.Pagelogin.Email(Pagelogin.java:25)
at OcuityAIPortal.HomepageTest.loginTest(HomepageTest.java:35)
at java.util.ArrayList.forEach(Unknown Source)
... Removed 27 stack frames]]>
    </failure>
  </testcase> <!-- loginTest -->
  <testcase name="addLocation" time="0.009" classname="OcuityAIPortal.locationTest">
    <failure type="java.lang.NullPointerException">
      <![CDATA[java.lang.NullPointerException
at objectRepository.pageLocation.Menu(pageLocation.java:43)
at OcuityAIPortal.locationTest.addLocation(locationTest.java:24)
at java.util.ArrayList.forEach(Unknown Source)
... Removed 27 stack frames]]>
    </failure>
  </testcase> <!-- addLocation -->
  <testcase name="editLocation" time="0.003" classname="OcuityAIPortal.locationTest">
    <failure type="java.lang.NullPointerException">
      <![CDATA[java.lang.NullPointerException
at OcuityAIPortal.locationTest.editLocation(locationTest.java:39)
at java.util.ArrayList.forEach(Unknown Source)
... Removed 27 stack frames]]>
    </failure>
  </testcase> <!-- editLocation -->
  <testcase name="deleteLocation" time="0.003" classname="OcuityAIPortal.locationTest">
    <failure type="java.lang.NullPointerException">
      <![CDATA[java.lang.NullPointerException
at OcuityAIPortal.locationTest.deleteLocation(locationTest.java:55)
at java.util.ArrayList.forEach(Unknown Source)
... Removed 27 stack frames]]>
    </failure>
  </testcase> <!-- deleteLocation -->
  <testcase name="@BeforeTest baseNavigation" time="0.0" classname="OcuityAIPortal.HomepageTest">
    <ignored/>
  </testcase> <!-- @BeforeTest baseNavigation -->
  <testcase name="@BeforeTest baseNavigation" time="0.0" classname="OcuityAIPortal.HomepageTest">
    <ignored/>
  </testcase> <!-- @BeforeTest baseNavigation -->
</testsuite> <!-- Test -->
