<?xml version="1.0" encoding="UTF-8"?>
<!-- Generated by org.testng.reporters.JUnitXMLReporter -->
<testsuite hostname="DML-05879" ignored="2" name="Test" tests="8" failures="4" timestamp="2022-01-08T10:30:17 IST" time="49.496" errors="0">
  <testcase name="loginTest" time="7.711" classname="OcuityAIPortal.HomepageTest"/>
  <testcase name="addServiceAdvisorTest" time="19.868" classname="OcuityAIPortal.ServiceadvisorTest"/>
  <testcase name="editServiceAdvisorTest" time="4.12" classname="OcuityAIPortal.ServiceadvisorTest"/>
  <testcase name="deleteServiceAdvisor" time="2.248" classname="OcuityAIPortal.ServiceadvisorTest"/>
  <testcase name="loginTest" time="0.003" classname="OcuityAIPortal.HomepageTest">
    <failure type="java.lang.NullPointerException">
      <![CDATA[java.lang.NullPointerException
at objectRepository.loginPage.Email(loginPage.java:25)
at OcuityAIPortal.HomepageTest.loginTest(HomepageTest.java:34)
at java.util.ArrayList.forEach(Unknown Source)
... Removed 27 stack frames]]>
    </failure>
  </testcase> <!-- loginTest -->
  <testcase name="loginTest" time="0.003" classname="OcuityAIPortal.HomepageTest">
    <failure type="java.lang.NullPointerException">
      <![CDATA[java.lang.NullPointerException
at objectRepository.loginPage.Email(loginPage.java:25)
at OcuityAIPortal.HomepageTest.loginTest(HomepageTest.java:34)
at java.util.ArrayList.forEach(Unknown Source)
... Removed 27 stack frames]]>
    </failure>
  </testcase> <!-- loginTest -->
  <testcase name="addLocation" time="0.004" classname="OcuityAIPortal.locationTest">
    <failure type="java.lang.NullPointerException">
      <![CDATA[java.lang.NullPointerException
at objectRepository.pageLocation.Menu(pageLocation.java:40)
at OcuityAIPortal.locationTest.addLocation(locationTest.java:18)
at java.util.ArrayList.forEach(Unknown Source)
... Removed 27 stack frames]]>
    </failure>
  </testcase> <!-- addLocation -->
  <testcase name="EditLocation" time="0.004" classname="OcuityAIPortal.locationTest">
    <failure type="java.lang.NullPointerException">
      <![CDATA[java.lang.NullPointerException
at objectRepository.pageLocation.Edit(pageLocation.java:75)
at OcuityAIPortal.locationTest.EditLocation(locationTest.java:32)
at java.util.ArrayList.forEach(Unknown Source)
... Removed 27 stack frames]]>
    </failure>
  </testcase> <!-- EditLocation -->
  <testcase name="@BeforeTest baseNavigation" time="0.0" classname="OcuityAIPortal.HomepageTest">
    <ignored/>
  </testcase> <!-- @BeforeTest baseNavigation -->
  <testcase name="@BeforeTest baseNavigation" time="0.0" classname="OcuityAIPortal.HomepageTest">
    <ignored/>
  </testcase> <!-- @BeforeTest baseNavigation -->
</testsuite> <!-- Test -->
