<?xml version="1.0" encoding="UTF-8"?>
<!-- Generated by org.testng.reporters.JUnitXMLReporter -->
<testsuite hostname="DML-05879" ignored="2" name="Test" tests="6" failures="5" timestamp="2022-01-06T16:03:32 IST" time="17.258" errors="0">
  <testcase name="addServiceAdvisorTest" time="0.026" classname="OcuityAIPortal.ServiceadvisorTest">
    <failure type="java.lang.NullPointerException">
      <![CDATA[java.lang.NullPointerException
at objectRepository.pageServiceAdvisor.Menu(pageServiceAdvisor.java:46)
at OcuityAIPortal.ServiceadvisorTest.addServiceAdvisorTest(ServiceadvisorTest.java:18)
at java.util.ArrayList.forEach(ArrayList.java:1257)
... Removed 31 stack frames]]>
    </failure>
  </testcase> <!-- addServiceAdvisorTest -->
  <testcase name="editServiceAdvisorTest" time="0.001" classname="OcuityAIPortal.ServiceadvisorTest">
    <failure type="java.lang.NullPointerException">
      <![CDATA[java.lang.NullPointerException
at objectRepository.pageServiceAdvisor.Edit(pageServiceAdvisor.java:81)
at OcuityAIPortal.ServiceadvisorTest.editServiceAdvisorTest(ServiceadvisorTest.java:32)
at java.util.ArrayList.forEach(ArrayList.java:1257)
... Removed 31 stack frames]]>
    </failure>
  </testcase> <!-- editServiceAdvisorTest -->
  <testcase name="deleteServiceAdvisor" time="0.001" classname="OcuityAIPortal.ServiceadvisorTest">
    <failure type="java.lang.NullPointerException">
      <![CDATA[java.lang.NullPointerException
at objectRepository.pageServiceAdvisor.Edit(pageServiceAdvisor.java:81)
at OcuityAIPortal.ServiceadvisorTest.deleteServiceAdvisor(ServiceadvisorTest.java:46)
at java.util.ArrayList.forEach(ArrayList.java:1257)
... Removed 31 stack frames]]>
    </failure>
  </testcase> <!-- deleteServiceAdvisor -->
  <testcase name="loginTest" time="4.055" classname="OcuityAIPortal.HomepageTest"/>
  <testcase name="loginTest" time="0.001" classname="OcuityAIPortal.HomepageTest">
    <failure type="java.lang.NullPointerException">
      <![CDATA[java.lang.NullPointerException
at objectRepository.loginPage.Email(loginPage.java:25)
at OcuityAIPortal.HomepageTest.loginTest(HomepageTest.java:34)
at java.util.ArrayList.forEach(ArrayList.java:1257)
... Removed 31 stack frames]]>
    </failure>
  </testcase> <!-- loginTest -->
  <testcase name="addLocation" time="0.006" classname="OcuityAIPortal.locationTest">
    <failure type="java.lang.NullPointerException">
      <![CDATA[java.lang.NullPointerException
at objectRepository.pageLocation.Menu(pageLocation.java:41)
at OcuityAIPortal.locationTest.addLocation(locationTest.java:18)
at java.util.ArrayList.forEach(ArrayList.java:1257)
... Removed 31 stack frames]]>
    </failure>
  </testcase> <!-- addLocation -->
  <testcase name="@BeforeTest baseNavigation" time="0.0" classname="OcuityAIPortal.HomepageTest">
    <ignored/>
  </testcase> <!-- @BeforeTest baseNavigation -->
  <testcase name="@AfterTest tearDown" time="0.0" classname="OcuityAIPortal.HomepageTest">
    <ignored/>
  </testcase> <!-- @AfterTest tearDown -->
</testsuite> <!-- Test -->
