<?xml version="1.0" encoding="UTF-8"?>
<!-- Generated by org.testng.reporters.JUnitXMLReporter -->
<testsuite hostname="DML-05879" ignored="2" name="Command line test" tests="6" failures="5" timestamp="2022-01-06T15:58:44 IST" time="24.997" errors="0">
  <testcase name="loginTest" time="5.949" classname="OcuityAIPortal.HomepageTest"/>
  <testcase name="loginTest" time="0.001" classname="OcuityAIPortal.HomepageTest">
    <failure type="java.lang.NullPointerException">
      <![CDATA[java.lang.NullPointerException
at objectRepository.loginPage.Email(loginPage.java:25)
at OcuityAIPortal.HomepageTest.loginTest(HomepageTest.java:34)
at java.util.ArrayList.forEach(ArrayList.java:1257)
... Removed 37 stack frames]]>
    </failure>
  </testcase> <!-- loginTest -->
  <testcase name="addLocation" time="0.005" classname="OcuityAIPortal.locationTest">
    <failure type="java.lang.NullPointerException">
      <![CDATA[java.lang.NullPointerException
at objectRepository.pageLocation.Menu(pageLocation.java:41)
at OcuityAIPortal.locationTest.addLocation(locationTest.java:18)
at java.util.ArrayList.forEach(ArrayList.java:1257)
... Removed 37 stack frames]]>
    </failure>
  </testcase> <!-- addLocation -->
  <testcase name="addServiceAdvisorTest" time="0.194" classname="OcuityAIPortal.ServiceadvisorTest">
    <failure type="java.lang.NullPointerException">
      <![CDATA[java.lang.NullPointerException
at objectRepository.pageServiceAdvisor.Menu(pageServiceAdvisor.java:46)
at OcuityAIPortal.ServiceadvisorTest.addServiceAdvisorTest(ServiceadvisorTest.java:18)
at java.util.ArrayList.forEach(ArrayList.java:1257)
... Removed 37 stack frames]]>
    </failure>
  </testcase> <!-- addServiceAdvisorTest -->
  <testcase name="editServiceAdvisorTest" time="0.001" classname="OcuityAIPortal.ServiceadvisorTest">
    <failure type="java.lang.NullPointerException">
      <![CDATA[java.lang.NullPointerException
at objectRepository.pageServiceAdvisor.Edit(pageServiceAdvisor.java:81)
at OcuityAIPortal.ServiceadvisorTest.editServiceAdvisorTest(ServiceadvisorTest.java:32)
at java.util.ArrayList.forEach(ArrayList.java:1257)
... Removed 37 stack frames]]>
    </failure>
  </testcase> <!-- editServiceAdvisorTest -->
  <testcase name="deleteServiceAdvisor" time="0.001" classname="OcuityAIPortal.ServiceadvisorTest">
    <failure type="java.lang.NullPointerException">
      <![CDATA[java.lang.NullPointerException
at objectRepository.pageServiceAdvisor.Edit(pageServiceAdvisor.java:81)
at OcuityAIPortal.ServiceadvisorTest.deleteServiceAdvisor(ServiceadvisorTest.java:46)
at java.util.ArrayList.forEach(ArrayList.java:1257)
... Removed 37 stack frames]]>
    </failure>
  </testcase> <!-- deleteServiceAdvisor -->
  <testcase name="@BeforeTest baseNavigation" time="0.0" classname="OcuityAIPortal.HomepageTest">
    <ignored/>
  </testcase> <!-- @BeforeTest baseNavigation -->
  <testcase name="@AfterTest tearDown" time="0.0" classname="OcuityAIPortal.HomepageTest">
    <ignored/>
  </testcase> <!-- @AfterTest tearDown -->
</testsuite> <!-- Command line test -->
