<?xml version="1.0" encoding="UTF-8"?>
<testng-results skipped="0" failed="0" ignored="0" total="4" passed="4">
  <reporter-output>
  </reporter-output>
  <suite name="Default suite" duration-ms="45721" started-at="2022-01-08T12:48:50 IST" finished-at="2022-01-08T12:49:35 IST">
    <groups>
    </groups>
    <test name="Default test" duration-ms="45721" started-at="2022-01-08T12:48:50 IST" finished-at="2022-01-08T12:49:35 IST">
      <class name="OcuityAIPortal.ServiceadvisorTest">
        <test-method status="PASS" signature="baseNavigation()[pri:0, instance:OcuityAIPortal.ServiceadvisorTest@27f723]" name="baseNavigation" is-config="true" duration-ms="10936" started-at="2022-01-08T12:48:50 IST" finished-at="2022-01-08T12:49:01 IST">
          <reporter-output>
          </reporter-output>
        </test-method> <!-- baseNavigation -->
        <test-method status="PASS" signature="loginTest()[pri:1, instance:OcuityAIPortal.ServiceadvisorTest@27f723]" name="loginTest" duration-ms="4755" started-at="2022-01-08T12:49:01 IST" finished-at="2022-01-08T12:49:05 IST">
          <reporter-output>
          </reporter-output>
        </test-method> <!-- loginTest -->
        <test-method status="PASS" signature="addServiceAdvisorTest()[pri:2, instance:OcuityAIPortal.ServiceadvisorTest@27f723]" name="addServiceAdvisorTest" duration-ms="19978" started-at="2022-01-08T12:49:05 IST" finished-at="2022-01-08T12:49:25 IST">
          <reporter-output>
          </reporter-output>
        </test-method> <!-- addServiceAdvisorTest -->
        <test-method status="PASS" signature="editServiceAdvisorTest()[pri:3, instance:OcuityAIPortal.ServiceadvisorTest@27f723]" name="editServiceAdvisorTest" duration-ms="5612" started-at="2022-01-08T12:49:25 IST" finished-at="2022-01-08T12:49:31 IST">
          <reporter-output>
          </reporter-output>
        </test-method> <!-- editServiceAdvisorTest -->
        <test-method status="PASS" signature="deleteServiceAdvisor()[pri:4, instance:OcuityAIPortal.ServiceadvisorTest@27f723]" name="deleteServiceAdvisor" duration-ms="4309" started-at="2022-01-08T12:49:31 IST" finished-at="2022-01-08T12:49:35 IST">
          <reporter-output>
          </reporter-output>
        </test-method> <!-- deleteServiceAdvisor -->
      </class> <!-- OcuityAIPortal.ServiceadvisorTest -->
    </test> <!-- Default test -->
  </suite> <!-- Default suite -->
</testng-results>
